This file contains any messages produced by compilers while
running configure, to aid debugging if configure makes a mistake.

It was created by fly configure 0.0.1, which was
generated by GNU Autoconf 2.71.  Invocation command line was

  $ ./configure --no-create --no-recursion

## --------- ##
## Platform. ##
## --------- ##

hostname = archlinux
uname -m = x86_64
uname -r = 5.14.15-arch1-1
uname -s = Linux
uname -v = #1 SMP PREEMPT Wed, 27 Oct 2021 23:38:14 +0000

/usr/bin/uname -p = unknown
/bin/uname -X     = unknown

/bin/arch              = unknown
/usr/bin/arch -k       = unknown
/usr/convex/getsysinfo = unknown
/usr/bin/hostinfo      = unknown
/bin/machine           = unknown
/usr/bin/oslevel       = unknown
/bin/universe          = unknown

PATH: /home/tatsuya/.local/bin/
PATH: /home/tatsuya/.local/sbin/
PATH: /home/tatsuya/.local/bin/
PATH: /home/tatsuya/.local/sbin/
PATH: /usr/local/bin/
PATH: /usr/bin/
PATH: /bin/
PATH: /usr/local/sbin/
PATH: /usr/bin/site_perl/
PATH: /usr/bin/vendor_perl/
PATH: /usr/bin/core_perl/


## ----------- ##
## Core tests. ##
## ----------- ##

configure:2595: looking for aux files: missing install-sh compile config.guess config.sub ltmain.sh
configure:2608:  trying ./
configure:2637:   ./missing found
configure:2619:   ./install-sh found
configure:2637:   ./compile found
configure:2637:   ./config.guess found
configure:2637:   ./config.sub found
configure:2637:   ./ltmain.sh found
configure:2787: checking build system type
configure:2802: result: x86_64-pc-linux-gnu
configure:2822: checking host system type
configure:2836: result: x86_64-pc-linux-gnu
configure:2877: checking how to print strings
configure:2904: result: printf
configure:2990: checking for gcc
configure:3011: found /usr/bin/gcc
configure:3022: result: gcc
configure:3375: checking for C compiler version
configure:3384: gcc --version >&5
gcc (GCC) 11.1.0
Copyright (C) 2021 Free Software Foundation, Inc.
This is free software; see the source for copying conditions.  There is NO
warranty; not even for MERCHANTABILITY or FITNESS FOR A PARTICULAR PURPOSE.

configure:3395: $? = 0
configure:3384: gcc -v >&5
Using built-in specs.
COLLECT_GCC=gcc
COLLECT_LTO_WRAPPER=/usr/lib/gcc/x86_64-pc-linux-gnu/11.1.0/lto-wrapper
Target: x86_64-pc-linux-gnu
Configured with: /build/gcc/src/gcc/configure --prefix=/usr --libdir=/usr/lib --libexecdir=/usr/lib --mandir=/usr/share/man --infodir=/usr/share/info --with-bugurl=https://bugs.archlinux.org/ --enable-languages=c,c++,ada,fortran,go,lto,objc,obj-c++,d --with-isl --with-linker-hash-style=gnu --with-system-zlib --enable-__cxa_atexit --enable-cet=auto --enable-checking=release --enable-clocale=gnu --enable-default-pie --enable-default-ssp --enable-gnu-indirect-function --enable-gnu-unique-object --enable-install-libiberty --enable-linker-build-id --enable-lto --enable-multilib --enable-plugin --enable-shared --enable-threads=posix --disable-libssp --disable-libstdcxx-pch --disable-libunwind-exceptions --disable-werror gdc_include_dir=/usr/include/dlang/gdc
Thread model: posix
Supported LTO compression algorithms: zlib zstd
gcc version 11.1.0 (GCC) 
configure:3395: $? = 0
configure:3384: gcc -V >&5
gcc: error: unrecognized command-line option '-V'
gcc: fatal error: no input files
compilation terminated.
configure:3395: $? = 1
configure:3384: gcc -qversion >&5
gcc: error: unrecognized command-line option '-qversion'; did you mean '--version'?
gcc: fatal error: no input files
compilation terminated.
configure:3395: $? = 1
configure:3384: gcc -version >&5
gcc: error: unrecognized command-line option '-version'
gcc: fatal error: no input files
compilation terminated.
configure:3395: $? = 1
configure:3415: checking whether the C compiler works
configure:3437: gcc    conftest.c  >&5
configure:3441: $? = 0
configure:3491: result: yes
configure:3494: checking for C compiler default output file name
configure:3496: result: a.out
configure:3502: checking for suffix of executables
configure:3509: gcc -o conftest    conftest.c  >&5
configure:3513: $? = 0
configure:3536: result: 
configure:3558: checking whether we are cross compiling
configure:3566: gcc -o conftest    conftest.c  >&5
configure:3570: $? = 0
configure:3577: ./conftest
configure:3581: $? = 0
configure:3596: result: no
configure:3601: checking for suffix of object files
configure:3624: gcc -c   conftest.c >&5
configure:3628: $? = 0
configure:3650: result: o
configure:3654: checking whether the compiler supports GNU C
configure:3674: gcc -c   conftest.c >&5
configure:3674: $? = 0
configure:3684: result: yes
configure:3695: checking whether gcc accepts -g
configure:3716: gcc -c -g  conftest.c >&5
configure:3716: $? = 0
configure:3760: result: yes
configure:3780: checking for gcc option to enable C11 features
configure:3795: gcc  -c -g -O2  conftest.c >&5
configure:3795: $? = 0
configure:3813: result: none needed
configure:3929: checking whether gcc understands -c and -o together
configure:3952: gcc -c conftest.c -o conftest2.o
configure:3955: $? = 0
configure:3952: gcc -c conftest.c -o conftest2.o
configure:3955: $? = 0
configure:3967: result: yes
configure:3984: checking for a sed that does not truncate output
configure:4054: result: /usr/bin/sed
configure:4072: checking for grep that handles long lines and -e
configure:4136: result: /usr/bin/grep
configure:4141: checking for egrep
configure:4209: result: /usr/bin/grep -E
configure:4214: checking for fgrep
configure:4282: result: /usr/bin/grep -F
configure:4318: checking for ld used by gcc
configure:4386: result: /usr/bin/ld
configure:4393: checking if the linker (/usr/bin/ld) is GNU ld
configure:4409: result: yes
configure:4421: checking for BSD- or MS-compatible name lister (nm)
configure:4476: result: /usr/bin/nm -B
configure:4616: checking the name lister (/usr/bin/nm -B) interface
configure:4624: gcc -c -g -O2  conftest.c >&5
configure:4627: /usr/bin/nm -B "conftest.o"
configure:4630: output
0000000000000000 B some_variable
configure:4637: result: BSD nm
configure:4640: checking whether ln -s works
configure:4644: result: yes
configure:4652: checking the maximum length of command line arguments
configure:4784: result: 1572864
configure:4832: checking how to convert x86_64-pc-linux-gnu file names to x86_64-pc-linux-gnu format
configure:4873: result: func_convert_file_noop
configure:4880: checking how to convert x86_64-pc-linux-gnu file names to toolchain format
configure:4901: result: func_convert_file_noop
configure:4908: checking for /usr/bin/ld option to reload object files
configure:4916: result: -r
configure:4995: checking for objdump
configure:5016: found /usr/bin/objdump
configure:5027: result: objdump
configure:5059: checking how to recognize dependent libraries
configure:5260: result: pass_all
configure:5350: checking for dlltool
configure:5385: result: no
configure:5415: checking how to associate runtime and link libraries
configure:5443: result: printf %s\n
configure:5509: checking for ar
configure:5530: found /usr/bin/ar
configure:5541: result: ar
configure:5594: checking for archiver @FILE support
configure:5612: gcc -c -g -O2  conftest.c >&5
configure:5612: $? = 0
configure:5616: ar cr libconftest.a @conftest.lst >&5
configure:5619: $? = 0
configure:5624: ar cr libconftest.a @conftest.lst >&5
ar: conftest.o: No such file or directory
configure:5627: $? = 1
configure:5639: result: @
configure:5702: checking for strip
configure:5723: found /usr/bin/strip
configure:5734: result: strip
configure:5811: checking for ranlib
configure:5832: found /usr/bin/ranlib
configure:5843: result: ranlib
configure:5920: checking for gawk
configure:5941: found /usr/bin/gawk
configure:5952: result: gawk
configure:5992: checking command to parse /usr/bin/nm -B output from gcc object
configure:6146: gcc -c -g -O2  conftest.c >&5
configure:6149: $? = 0
configure:6153: /usr/bin/nm -B conftest.o \| sed -n -e 's/^.*[ ]\([ABCDGIRSTW][ABCDGIRSTW]*\)[ ][ ]*\([_A-Za-z][_A-Za-z0-9]*\)$/\1 \2 \2/p' | sed '/ __gnu_lto/d' \> conftest.nm
configure:6156: $? = 0
configure:6222: gcc -o conftest -g -O2   conftest.c conftstm.o >&5
configure:6225: $? = 0
configure:6263: result: ok
configure:6310: checking for sysroot
configure:6341: result: no
configure:6348: checking for a working dd
configure:6392: result: /usr/bin/dd
configure:6396: checking how to truncate binary pipes
configure:6412: result: /usr/bin/dd bs=4096 count=1
configure:6549: gcc -c -g -O2  conftest.c >&5
configure:6552: $? = 0
configure:6749: checking for mt
configure:6784: result: no
configure:6804: checking if : is a manifest tool
configure:6811: : '-?'
configure:6819: result: no
configure:7549: checking for stdio.h
configure:7549: gcc -c -g -O2  conftest.c >&5
configure:7549: $? = 0
configure:7549: result: yes
configure:7549: checking for stdlib.h
configure:7549: gcc -c -g -O2  conftest.c >&5
configure:7549: $? = 0
configure:7549: result: yes
configure:7549: checking for string.h
configure:7549: gcc -c -g -O2  conftest.c >&5
configure:7549: $? = 0
configure:7549: result: yes
configure:7549: checking for inttypes.h
configure:7549: gcc -c -g -O2  conftest.c >&5
configure:7549: $? = 0
configure:7549: result: yes
configure:7549: checking for stdint.h
configure:7549: gcc -c -g -O2  conftest.c >&5
configure:7549: $? = 0
configure:7549: result: yes
configure:7549: checking for strings.h
configure:7549: gcc -c -g -O2  conftest.c >&5
configure:7549: $? = 0
configure:7549: result: yes
configure:7549: checking for sys/stat.h
configure:7549: gcc -c -g -O2  conftest.c >&5
configure:7549: $? = 0
configure:7549: result: yes
configure:7549: checking for sys/types.h
configure:7549: gcc -c -g -O2  conftest.c >&5
configure:7549: $? = 0
configure:7549: result: yes
configure:7549: checking for unistd.h
configure:7549: gcc -c -g -O2  conftest.c >&5
configure:7549: $? = 0
configure:7549: result: yes
configure:7549: checking for vfork.h
configure:7549: gcc -c -g -O2  conftest.c >&5
conftest.c:46:10: fatal error: vfork.h: No such file or directory
   46 | #include <vfork.h>
      |          ^~~~~~~~~
compilation terminated.
configure:7549: $? = 1
configure: failed program was:
| /* confdefs.h */
| #define PACKAGE_NAME "fly"
| #define PACKAGE_TARNAME "fly"
| #define PACKAGE_VERSION "0.0.1"
| #define PACKAGE_STRING "fly 0.0.1"
| #define PACKAGE_BUGREPORT ""
| #define PACKAGE_URL ""
| #define HAVE_STDIO_H 1
| #define HAVE_STDLIB_H 1
| #define HAVE_STRING_H 1
| #define HAVE_INTTYPES_H 1
| #define HAVE_STDINT_H 1
| #define HAVE_STRINGS_H 1
| #define HAVE_SYS_STAT_H 1
| #define HAVE_SYS_TYPES_H 1
| #define HAVE_UNISTD_H 1
| /* end confdefs.h.  */
| #include <stddef.h>
| #ifdef HAVE_STDIO_H
| # include <stdio.h>
| #endif
| #ifdef HAVE_STDLIB_H
| # include <stdlib.h>
| #endif
| #ifdef HAVE_STRING_H
| # include <string.h>
| #endif
| #ifdef HAVE_INTTYPES_H
| # include <inttypes.h>
| #endif
| #ifdef HAVE_STDINT_H
| # include <stdint.h>
| #endif
| #ifdef HAVE_STRINGS_H
| # include <strings.h>
| #endif
| #ifdef HAVE_SYS_TYPES_H
| # include <sys/types.h>
| #endif
| #ifdef HAVE_SYS_STAT_H
| # include <sys/stat.h>
| #endif
| #ifdef HAVE_UNISTD_H
| # include <unistd.h>
| #endif
| #include <vfork.h>
configure:7549: result: no
configure:7549: checking for sys/time.h
configure:7549: gcc -c -g -O2  conftest.c >&5
configure:7549: $? = 0
configure:7549: result: yes
configure:7574: checking for dlfcn.h
configure:7574: gcc -c -g -O2  conftest.c >&5
configure:7574: $? = 0
configure:7574: result: yes
configure:7833: checking for objdir
configure:7849: result: .libs
configure:8113: checking if gcc supports -fno-rtti -fno-exceptions
configure:8132: gcc -c -g -O2  -fno-rtti -fno-exceptions conftest.c >&5
cc1: warning: command-line option '-fno-rtti' is valid for C++/D/ObjC++ but not for C
configure:8136: $? = 0
configure:8149: result: no
configure:8507: checking for gcc option to produce PIC
configure:8515: result: -fPIC -DPIC
configure:8523: checking if gcc PIC flag -fPIC -DPIC works
configure:8542: gcc -c -g -O2  -fPIC -DPIC -DPIC conftest.c >&5
configure:8546: $? = 0
configure:8559: result: yes
configure:8588: checking if gcc static flag -static works
configure:8617: result: yes
configure:8632: checking if gcc supports -c -o file.o
configure:8654: gcc -c -g -O2  -o out/conftest2.o conftest.c >&5
configure:8658: $? = 0
configure:8680: result: yes
configure:8688: checking if gcc supports -c -o file.o
configure:8736: result: yes
configure:8769: checking whether the gcc linker (/usr/bin/ld -m elf_x86_64) supports shared libraries
configure:10037: result: yes
configure:10074: checking whether -lc should be explicitly linked in
configure:10083: gcc -c -g -O2  conftest.c >&5
configure:10086: $? = 0
configure:10101: gcc -shared  -fPIC -DPIC conftest.o  -v -Wl,-soname -Wl,conftest -o conftest 2\>\&1 \| /usr/bin/grep  -lc  \>/dev/null 2\>\&1
configure:10104: $? = 0
configure:10118: result: no
configure:10278: checking dynamic linker characteristics
configure:10860: gcc -o conftest -g -O2   -Wl,-rpath -Wl,/foo conftest.c  >&5
configure:10860: $? = 0
configure:11099: result: GNU/Linux ld.so
configure:11221: checking how to hardcode library paths into programs
configure:11246: result: immediate
configure:11798: checking whether stripping libraries is possible
configure:11807: result: yes
configure:11849: checking if libtool supports shared libraries
configure:11851: result: yes
configure:11854: checking whether to build shared libraries
configure:11879: result: yes
configure:11882: checking whether to build static libraries
configure:11886: result: yes
configure:11940: checking for a BSD-compatible install
configure:12013: result: /usr/bin/install -c
configure:12024: checking whether build environment is sane
configure:12079: result: yes
configure:12234: checking for a race-free mkdir -p
configure:12278: result: /usr/bin/mkdir -p
configure:12281: checking whether make sets $(MAKE)
configure:12304: result: yes
configure:12326: checking whether make supports the include directive
configure:12341: make -f confmf.GNU && cat confinc.out
make[1]: Entering directory '/home/tatsuya/fly'
make[1]: Leaving directory '/home/tatsuya/fly'
this is the am__doit target
configure:12344: $? = 0
configure:12363: result: yes (GNU style)
configure:12398: checking whether make supports nested variables
configure:12416: result: yes
configure:12497: checking dependency style of gcc
configure:12609: result: gcc3
configure:12736: checking for gcc
configure:12768: result: gcc
configure:13121: checking for C compiler version
configure:13130: gcc --version >&5
gcc (GCC) 11.1.0
Copyright (C) 2021 Free Software Foundation, Inc.
This is free software; see the source for copying conditions.  There is NO
warranty; not even for MERCHANTABILITY or FITNESS FOR A PARTICULAR PURPOSE.

configure:13141: $? = 0
configure:13130: gcc -v >&5
Using built-in specs.
COLLECT_GCC=gcc
COLLECT_LTO_WRAPPER=/usr/lib/gcc/x86_64-pc-linux-gnu/11.1.0/lto-wrapper
Target: x86_64-pc-linux-gnu
Configured with: /build/gcc/src/gcc/configure --prefix=/usr --libdir=/usr/lib --libexecdir=/usr/lib --mandir=/usr/share/man --infodir=/usr/share/info --with-bugurl=https://bugs.archlinux.org/ --enable-languages=c,c++,ada,fortran,go,lto,objc,obj-c++,d --with-isl --with-linker-hash-style=gnu --with-system-zlib --enable-__cxa_atexit --enable-cet=auto --enable-checking=release --enable-clocale=gnu --enable-default-pie --enable-default-ssp --enable-gnu-indirect-function --enable-gnu-unique-object --enable-install-libiberty --enable-linker-build-id --enable-lto --enable-multilib --enable-plugin --enable-shared --enable-threads=posix --disable-libssp --disable-libstdcxx-pch --disable-libunwind-exceptions --disable-werror gdc_include_dir=/usr/include/dlang/gdc
Thread model: posix
Supported LTO compression algorithms: zlib zstd
gcc version 11.1.0 (GCC) 
configure:13141: $? = 0
configure:13130: gcc -V >&5
gcc: error: unrecognized command-line option '-V'
gcc: fatal error: no input files
compilation terminated.
configure:13141: $? = 1
configure:13130: gcc -qversion >&5
gcc: error: unrecognized command-line option '-qversion'; did you mean '--version'?
gcc: fatal error: no input files
compilation terminated.
configure:13141: $? = 1
configure:13130: gcc -version >&5
gcc: error: unrecognized command-line option '-version'
gcc: fatal error: no input files
compilation terminated.
configure:13141: $? = 1
configure:13145: checking whether the compiler supports GNU C
configure:13175: result: yes
configure:13186: checking whether gcc accepts -g
configure:13251: result: yes
configure:13271: checking for gcc option to enable C11 features
configure:13304: result: none needed
configure:13420: checking whether gcc understands -c and -o together
configure:13458: result: yes
configure:13478: checking for main in -lbrotlidec
configure:13498: gcc -o conftest -g -O2   conftest.c -lbrotlidec   >&5
configure:13498: $? = 0
configure:13508: result: yes
configure:13519: checking for main in -lbrotlienc
configure:13539: gcc -o conftest -g -O2   conftest.c -lbrotlienc  -lbrotlidec  >&5
configure:13539: $? = 0
configure:13549: result: yes
configure:13560: checking for main in -lcrypto
configure:13580: gcc -o conftest -g -O2   conftest.c -lcrypto  -lbrotlienc -lbrotlidec  >&5
configure:13580: $? = 0
configure:13590: result: yes
configure:13601: checking for main in -lfly
configure:13621: gcc -o conftest -g -O2   conftest.c -lfly  -lcrypto -lbrotlienc -lbrotlidec  >&5
/usr/bin/ld: cannot find -lfly
collect2: error: ld returned 1 exit status
configure:13621: $? = 1
configure: failed program was:
| /* confdefs.h */
| #define PACKAGE_NAME "fly"
| #define PACKAGE_TARNAME "fly"
| #define PACKAGE_VERSION "0.0.1"
| #define PACKAGE_STRING "fly 0.0.1"
| #define PACKAGE_BUGREPORT ""
| #define PACKAGE_URL ""
| #define HAVE_STDIO_H 1
| #define HAVE_STDLIB_H 1
| #define HAVE_STRING_H 1
| #define HAVE_INTTYPES_H 1
| #define HAVE_STDINT_H 1
| #define HAVE_STRINGS_H 1
| #define HAVE_SYS_STAT_H 1
| #define HAVE_SYS_TYPES_H 1
| #define HAVE_UNISTD_H 1
| #define HAVE_SYS_TIME_H 1
| #define STDC_HEADERS 1
| #define HAVE_DLFCN_H 1
| #define LT_OBJDIR ".libs/"
| #define PACKAGE "fly"
| #define VERSION "0.0.1"
| #define HAVE_LIBBROTLIDEC 1
| #define HAVE_LIBBROTLIENC 1
| #define HAVE_LIBCRYPTO 1
| /* end confdefs.h.  */
| 
| 
| int
| main (void)
| {
| return main ();
|   ;
|   return 0;
| }
configure:13631: result: no
configure:13642: checking for main in -lpthread
configure:13662: gcc -o conftest -g -O2   conftest.c -lpthread  -lcrypto -lbrotlienc -lbrotlidec  >&5
configure:13662: $? = 0
configure:13672: result: yes
configure:13683: checking for main in -lssl
configure:13703: gcc -o conftest -g -O2   conftest.c -lssl  -lpthread -lcrypto -lbrotlienc -lbrotlidec  >&5
configure:13703: $? = 0
configure:13713: result: yes
configure:13724: checking for main in -lz
configure:13744: gcc -o conftest -g -O2   conftest.c -lz  -lssl -lpthread -lcrypto -lbrotlienc -lbrotlidec  >&5
configure:13744: $? = 0
configure:13754: result: yes
configure:13766: checking for arpa/inet.h
configure:13766: gcc -c -g -O2  conftest.c >&5
configure:13766: $? = 0
configure:13766: result: yes
configure:13772: checking for fcntl.h
configure:13772: gcc -c -g -O2  conftest.c >&5
configure:13772: $? = 0
configure:13772: result: yes
configure:13778: checking for inttypes.h
configure:13778: result: yes
configure:13784: checking for netdb.h
configure:13784: gcc -c -g -O2  conftest.c >&5
configure:13784: $? = 0
configure:13784: result: yes
configure:13790: checking for netinet/in.h
configure:13790: gcc -c -g -O2  conftest.c >&5
configure:13790: $? = 0
configure:13790: result: yes
configure:13796: checking for stdint.h
configure:13796: result: yes
configure:13802: checking for sys/ioctl.h
configure:13802: gcc -c -g -O2  conftest.c >&5
configure:13802: $? = 0
configure:13802: result: yes
configure:13808: checking for sys/socket.h
configure:13808: gcc -c -g -O2  conftest.c >&5
configure:13808: $? = 0
configure:13808: result: yes
configure:13814: checking for sys/time.h
configure:13814: result: yes
configure:13820: checking for unistd.h
configure:13820: result: yes
configure:13829: checking for _Bool
configure:13829: gcc -c -g -O2  conftest.c >&5
configure:13829: $? = 0
configure:13829: gcc -c -g -O2  conftest.c >&5
conftest.c: In function 'main':
conftest.c:71:20: error: expected expression before ')' token
   71 | if (sizeof ((_Bool)))
      |                    ^
configure:13829: $? = 1
configure: failed program was:
| /* confdefs.h */
| #define PACKAGE_NAME "fly"
| #define PACKAGE_TARNAME "fly"
| #define PACKAGE_VERSION "0.0.1"
| #define PACKAGE_STRING "fly 0.0.1"
| #define PACKAGE_BUGREPORT ""
| #define PACKAGE_URL ""
| #define HAVE_STDIO_H 1
| #define HAVE_STDLIB_H 1
| #define HAVE_STRING_H 1
| #define HAVE_INTTYPES_H 1
| #define HAVE_STDINT_H 1
| #define HAVE_STRINGS_H 1
| #define HAVE_SYS_STAT_H 1
| #define HAVE_SYS_TYPES_H 1
| #define HAVE_UNISTD_H 1
| #define HAVE_SYS_TIME_H 1
| #define STDC_HEADERS 1
| #define HAVE_DLFCN_H 1
| #define LT_OBJDIR ".libs/"
| #define PACKAGE "fly"
| #define VERSION "0.0.1"
| #define HAVE_LIBBROTLIDEC 1
| #define HAVE_LIBBROTLIENC 1
| #define HAVE_LIBCRYPTO 1
| #define HAVE_LIBPTHREAD 1
| #define HAVE_LIBSSL 1
| #define HAVE_LIBZ 1
| #define HAVE_ARPA_INET_H 1
| #define HAVE_FCNTL_H 1
| #define HAVE_INTTYPES_H 1
| #define HAVE_NETDB_H 1
| #define HAVE_NETINET_IN_H 1
| #define HAVE_STDINT_H 1
| #define HAVE_SYS_IOCTL_H 1
| #define HAVE_SYS_SOCKET_H 1
| #define HAVE_SYS_TIME_H 1
| #define HAVE_UNISTD_H 1
| /* end confdefs.h.  */
| #include <stddef.h>
| #ifdef HAVE_STDIO_H
| # include <stdio.h>
| #endif
| #ifdef HAVE_STDLIB_H
| # include <stdlib.h>
| #endif
| #ifdef HAVE_STRING_H
| # include <string.h>
| #endif
| #ifdef HAVE_INTTYPES_H
| # include <inttypes.h>
| #endif
| #ifdef HAVE_STDINT_H
| # include <stdint.h>
| #endif
| #ifdef HAVE_STRINGS_H
| # include <strings.h>
| #endif
| #ifdef HAVE_SYS_TYPES_H
| # include <sys/types.h>
| #endif
| #ifdef HAVE_SYS_STAT_H
| # include <sys/stat.h>
| #endif
| #ifdef HAVE_UNISTD_H
| # include <unistd.h>
| #endif
| int
| main (void)
| {
| if (sizeof ((_Bool)))
| 	    return 0;
|   ;
|   return 0;
| }
configure:13829: result: yes
configure:13838: checking for stdbool.h that conforms to C99
configure:13954: gcc -c -g -O2  conftest.c >&5
configure:13954: $? = 0
configure:13962: result: yes
configure:13965: checking for inline
configure:13982: gcc -c -g -O2  conftest.c >&5
configure:13982: $? = 0
configure:13991: result: inline
configure:14009: checking for int32_t
configure:14009: gcc -c -g -O2  conftest.c >&5
configure:14009: $? = 0
configure:14009: gcc -c -g -O2  conftest.c >&5
conftest.c: In function 'main':
conftest.c:74:67: warning: integer overflow in expression of type 'int' results in '-2147483648' [-Woverflow]
   74 |                  < (int32_t) (((((int32_t) 1 << N) << N) - 1) * 2 + 2))];
      |                                                                   ^
conftest.c:73:12: error: storage size of 'test_array' isn't constant
   73 | static int test_array [1 - 2 * !((int32_t) (((((int32_t) 1 << N) << N) - 1) * 2 + 1)
      |            ^~~~~~~~~~
configure:14009: $? = 1
configure: failed program was:
| /* confdefs.h */
| #define PACKAGE_NAME "fly"
| #define PACKAGE_TARNAME "fly"
| #define PACKAGE_VERSION "0.0.1"
| #define PACKAGE_STRING "fly 0.0.1"
| #define PACKAGE_BUGREPORT ""
| #define PACKAGE_URL ""
| #define HAVE_STDIO_H 1
| #define HAVE_STDLIB_H 1
| #define HAVE_STRING_H 1
| #define HAVE_INTTYPES_H 1
| #define HAVE_STDINT_H 1
| #define HAVE_STRINGS_H 1
| #define HAVE_SYS_STAT_H 1
| #define HAVE_SYS_TYPES_H 1
| #define HAVE_UNISTD_H 1
| #define HAVE_SYS_TIME_H 1
| #define STDC_HEADERS 1
| #define HAVE_DLFCN_H 1
| #define LT_OBJDIR ".libs/"
| #define PACKAGE "fly"
| #define VERSION "0.0.1"
| #define HAVE_LIBBROTLIDEC 1
| #define HAVE_LIBBROTLIENC 1
| #define HAVE_LIBCRYPTO 1
| #define HAVE_LIBPTHREAD 1
| #define HAVE_LIBSSL 1
| #define HAVE_LIBZ 1
| #define HAVE_ARPA_INET_H 1
| #define HAVE_FCNTL_H 1
| #define HAVE_INTTYPES_H 1
| #define HAVE_NETDB_H 1
| #define HAVE_NETINET_IN_H 1
| #define HAVE_STDINT_H 1
| #define HAVE_SYS_IOCTL_H 1
| #define HAVE_SYS_SOCKET_H 1
| #define HAVE_SYS_TIME_H 1
| #define HAVE_UNISTD_H 1
| #define HAVE__BOOL 1
| /* end confdefs.h.  */
| #include <stddef.h>
| #ifdef HAVE_STDIO_H
| # include <stdio.h>
| #endif
| #ifdef HAVE_STDLIB_H
| # include <stdlib.h>
| #endif
| #ifdef HAVE_STRING_H
| # include <string.h>
| #endif
| #ifdef HAVE_INTTYPES_H
| # include <inttypes.h>
| #endif
| #ifdef HAVE_STDINT_H
| # include <stdint.h>
| #endif
| #ifdef HAVE_STRINGS_H
| # include <strings.h>
| #endif
| #ifdef HAVE_SYS_TYPES_H
| # include <sys/types.h>
| #endif
| #ifdef HAVE_SYS_STAT_H
| # include <sys/stat.h>
| #endif
| #ifdef HAVE_UNISTD_H
| # include <unistd.h>
| #endif
| 	        enum { N = 32 / 2 - 1 };
| int
| main (void)
| {
| static int test_array [1 - 2 * !((int32_t) (((((int32_t) 1 << N) << N) - 1) * 2 + 1)
| 		 < (int32_t) (((((int32_t) 1 << N) << N) - 1) * 2 + 2))];
| test_array [0] = 0;
| return test_array [0];
| 
|   ;
|   return 0;
| }
configure:14009: result: yes
configure:14018: checking for off_t
configure:14018: gcc -c -g -O2  conftest.c >&5
configure:14018: $? = 0
configure:14018: gcc -c -g -O2  conftest.c >&5
conftest.c: In function 'main':
conftest.c:72:20: error: expected expression before ')' token
   72 | if (sizeof ((off_t)))
      |                    ^
configure:14018: $? = 1
configure: failed program was:
| /* confdefs.h */
| #define PACKAGE_NAME "fly"
| #define PACKAGE_TARNAME "fly"
| #define PACKAGE_VERSION "0.0.1"
| #define PACKAGE_STRING "fly 0.0.1"
| #define PACKAGE_BUGREPORT ""
| #define PACKAGE_URL ""
| #define HAVE_STDIO_H 1
| #define HAVE_STDLIB_H 1
| #define HAVE_STRING_H 1
| #define HAVE_INTTYPES_H 1
| #define HAVE_STDINT_H 1
| #define HAVE_STRINGS_H 1
| #define HAVE_SYS_STAT_H 1
| #define HAVE_SYS_TYPES_H 1
| #define HAVE_UNISTD_H 1
| #define HAVE_SYS_TIME_H 1
| #define STDC_HEADERS 1
| #define HAVE_DLFCN_H 1
| #define LT_OBJDIR ".libs/"
| #define PACKAGE "fly"
| #define VERSION "0.0.1"
| #define HAVE_LIBBROTLIDEC 1
| #define HAVE_LIBBROTLIENC 1
| #define HAVE_LIBCRYPTO 1
| #define HAVE_LIBPTHREAD 1
| #define HAVE_LIBSSL 1
| #define HAVE_LIBZ 1
| #define HAVE_ARPA_INET_H 1
| #define HAVE_FCNTL_H 1
| #define HAVE_INTTYPES_H 1
| #define HAVE_NETDB_H 1
| #define HAVE_NETINET_IN_H 1
| #define HAVE_STDINT_H 1
| #define HAVE_SYS_IOCTL_H 1
| #define HAVE_SYS_SOCKET_H 1
| #define HAVE_SYS_TIME_H 1
| #define HAVE_UNISTD_H 1
| #define HAVE__BOOL 1
| /* end confdefs.h.  */
| #include <stddef.h>
| #ifdef HAVE_STDIO_H
| # include <stdio.h>
| #endif
| #ifdef HAVE_STDLIB_H
| # include <stdlib.h>
| #endif
| #ifdef HAVE_STRING_H
| # include <string.h>
| #endif
| #ifdef HAVE_INTTYPES_H
| # include <inttypes.h>
| #endif
| #ifdef HAVE_STDINT_H
| # include <stdint.h>
| #endif
| #ifdef HAVE_STRINGS_H
| # include <strings.h>
| #endif
| #ifdef HAVE_SYS_TYPES_H
| # include <sys/types.h>
| #endif
| #ifdef HAVE_SYS_STAT_H
| # include <sys/stat.h>
| #endif
| #ifdef HAVE_UNISTD_H
| # include <unistd.h>
| #endif
| int
| main (void)
| {
| if (sizeof ((off_t)))
| 	    return 0;
|   ;
|   return 0;
| }
configure:14018: result: yes
configure:14029: checking for pid_t
configure:14029: gcc -c -g -O2  conftest.c >&5
configure:14029: $? = 0
configure:14029: gcc -c -g -O2  conftest.c >&5
conftest.c: In function 'main':
conftest.c:73:20: error: expected expression before ')' token
   73 | if (sizeof ((pid_t)))
      |                    ^
configure:14029: $? = 1
configure: failed program was:
| /* confdefs.h */
| #define PACKAGE_NAME "fly"
| #define PACKAGE_TARNAME "fly"
| #define PACKAGE_VERSION "0.0.1"
| #define PACKAGE_STRING "fly 0.0.1"
| #define PACKAGE_BUGREPORT ""
| #define PACKAGE_URL ""
| #define HAVE_STDIO_H 1
| #define HAVE_STDLIB_H 1
| #define HAVE_STRING_H 1
| #define HAVE_INTTYPES_H 1
| #define HAVE_STDINT_H 1
| #define HAVE_STRINGS_H 1
| #define HAVE_SYS_STAT_H 1
| #define HAVE_SYS_TYPES_H 1
| #define HAVE_UNISTD_H 1
| #define HAVE_SYS_TIME_H 1
| #define STDC_HEADERS 1
| #define HAVE_DLFCN_H 1
| #define LT_OBJDIR ".libs/"
| #define PACKAGE "fly"
| #define VERSION "0.0.1"
| #define HAVE_LIBBROTLIDEC 1
| #define HAVE_LIBBROTLIENC 1
| #define HAVE_LIBCRYPTO 1
| #define HAVE_LIBPTHREAD 1
| #define HAVE_LIBSSL 1
| #define HAVE_LIBZ 1
| #define HAVE_ARPA_INET_H 1
| #define HAVE_FCNTL_H 1
| #define HAVE_INTTYPES_H 1
| #define HAVE_NETDB_H 1
| #define HAVE_NETINET_IN_H 1
| #define HAVE_STDINT_H 1
| #define HAVE_SYS_IOCTL_H 1
| #define HAVE_SYS_SOCKET_H 1
| #define HAVE_SYS_TIME_H 1
| #define HAVE_UNISTD_H 1
| #define HAVE__BOOL 1
| /* end confdefs.h.  */
| #include <stddef.h>
| #ifdef HAVE_STDIO_H
| # include <stdio.h>
| #endif
| #ifdef HAVE_STDLIB_H
| # include <stdlib.h>
| #endif
| #ifdef HAVE_STRING_H
| # include <string.h>
| #endif
| #ifdef HAVE_INTTYPES_H
| # include <inttypes.h>
| #endif
| #ifdef HAVE_STDINT_H
| # include <stdint.h>
| #endif
| #ifdef HAVE_STRINGS_H
| # include <strings.h>
| #endif
| #ifdef HAVE_SYS_TYPES_H
| # include <sys/types.h>
| #endif
| #ifdef HAVE_SYS_STAT_H
| # include <sys/stat.h>
| #endif
| #ifdef HAVE_UNISTD_H
| # include <unistd.h>
| #endif
| 
| int
| main (void)
| {
| if (sizeof ((pid_t)))
| 	    return 0;
|   ;
|   return 0;
| }
configure:14029: result: yes
configure:14065: checking for size_t
configure:14065: gcc -c -g -O2  conftest.c >&5
configure:14065: $? = 0
configure:14065: gcc -c -g -O2  conftest.c >&5
conftest.c: In function 'main':
conftest.c:72:21: error: expected expression before ')' token
   72 | if (sizeof ((size_t)))
      |                     ^
configure:14065: $? = 1
configure: failed program was:
| /* confdefs.h */
| #define PACKAGE_NAME "fly"
| #define PACKAGE_TARNAME "fly"
| #define PACKAGE_VERSION "0.0.1"
| #define PACKAGE_STRING "fly 0.0.1"
| #define PACKAGE_BUGREPORT ""
| #define PACKAGE_URL ""
| #define HAVE_STDIO_H 1
| #define HAVE_STDLIB_H 1
| #define HAVE_STRING_H 1
| #define HAVE_INTTYPES_H 1
| #define HAVE_STDINT_H 1
| #define HAVE_STRINGS_H 1
| #define HAVE_SYS_STAT_H 1
| #define HAVE_SYS_TYPES_H 1
| #define HAVE_UNISTD_H 1
| #define HAVE_SYS_TIME_H 1
| #define STDC_HEADERS 1
| #define HAVE_DLFCN_H 1
| #define LT_OBJDIR ".libs/"
| #define PACKAGE "fly"
| #define VERSION "0.0.1"
| #define HAVE_LIBBROTLIDEC 1
| #define HAVE_LIBBROTLIENC 1
| #define HAVE_LIBCRYPTO 1
| #define HAVE_LIBPTHREAD 1
| #define HAVE_LIBSSL 1
| #define HAVE_LIBZ 1
| #define HAVE_ARPA_INET_H 1
| #define HAVE_FCNTL_H 1
| #define HAVE_INTTYPES_H 1
| #define HAVE_NETDB_H 1
| #define HAVE_NETINET_IN_H 1
| #define HAVE_STDINT_H 1
| #define HAVE_SYS_IOCTL_H 1
| #define HAVE_SYS_SOCKET_H 1
| #define HAVE_SYS_TIME_H 1
| #define HAVE_UNISTD_H 1
| #define HAVE__BOOL 1
| /* end confdefs.h.  */
| #include <stddef.h>
| #ifdef HAVE_STDIO_H
| # include <stdio.h>
| #endif
| #ifdef HAVE_STDLIB_H
| # include <stdlib.h>
| #endif
| #ifdef HAVE_STRING_H
| # include <string.h>
| #endif
| #ifdef HAVE_INTTYPES_H
| # include <inttypes.h>
| #endif
| #ifdef HAVE_STDINT_H
| # include <stdint.h>
| #endif
| #ifdef HAVE_STRINGS_H
| # include <strings.h>
| #endif
| #ifdef HAVE_SYS_TYPES_H
| # include <sys/types.h>
| #endif
| #ifdef HAVE_SYS_STAT_H
| # include <sys/stat.h>
| #endif
| #ifdef HAVE_UNISTD_H
| # include <unistd.h>
| #endif
| int
| main (void)
| {
| if (sizeof ((size_t)))
| 	    return 0;
|   ;
|   return 0;
| }
configure:14065: result: yes
configure:14075: checking for ssize_t
configure:14075: gcc -c -g -O2  conftest.c >&5
configure:14075: $? = 0
configure:14075: gcc -c -g -O2  conftest.c >&5
conftest.c: In function 'main':
conftest.c:72:22: error: expected expression before ')' token
   72 | if (sizeof ((ssize_t)))
      |                      ^
configure:14075: $? = 1
configure: failed program was:
| /* confdefs.h */
| #define PACKAGE_NAME "fly"
| #define PACKAGE_TARNAME "fly"
| #define PACKAGE_VERSION "0.0.1"
| #define PACKAGE_STRING "fly 0.0.1"
| #define PACKAGE_BUGREPORT ""
| #define PACKAGE_URL ""
| #define HAVE_STDIO_H 1
| #define HAVE_STDLIB_H 1
| #define HAVE_STRING_H 1
| #define HAVE_INTTYPES_H 1
| #define HAVE_STDINT_H 1
| #define HAVE_STRINGS_H 1
| #define HAVE_SYS_STAT_H 1
| #define HAVE_SYS_TYPES_H 1
| #define HAVE_UNISTD_H 1
| #define HAVE_SYS_TIME_H 1
| #define STDC_HEADERS 1
| #define HAVE_DLFCN_H 1
| #define LT_OBJDIR ".libs/"
| #define PACKAGE "fly"
| #define VERSION "0.0.1"
| #define HAVE_LIBBROTLIDEC 1
| #define HAVE_LIBBROTLIENC 1
| #define HAVE_LIBCRYPTO 1
| #define HAVE_LIBPTHREAD 1
| #define HAVE_LIBSSL 1
| #define HAVE_LIBZ 1
| #define HAVE_ARPA_INET_H 1
| #define HAVE_FCNTL_H 1
| #define HAVE_INTTYPES_H 1
| #define HAVE_NETDB_H 1
| #define HAVE_NETINET_IN_H 1
| #define HAVE_STDINT_H 1
| #define HAVE_SYS_IOCTL_H 1
| #define HAVE_SYS_SOCKET_H 1
| #define HAVE_SYS_TIME_H 1
| #define HAVE_UNISTD_H 1
| #define HAVE__BOOL 1
| /* end confdefs.h.  */
| #include <stddef.h>
| #ifdef HAVE_STDIO_H
| # include <stdio.h>
| #endif
| #ifdef HAVE_STDLIB_H
| # include <stdlib.h>
| #endif
| #ifdef HAVE_STRING_H
| # include <string.h>
| #endif
| #ifdef HAVE_INTTYPES_H
| # include <inttypes.h>
| #endif
| #ifdef HAVE_STDINT_H
| # include <stdint.h>
| #endif
| #ifdef HAVE_STRINGS_H
| # include <strings.h>
| #endif
| #ifdef HAVE_SYS_TYPES_H
| # include <sys/types.h>
| #endif
| #ifdef HAVE_SYS_STAT_H
| # include <sys/stat.h>
| #endif
| #ifdef HAVE_UNISTD_H
| # include <unistd.h>
| #endif
| int
| main (void)
| {
| if (sizeof ((ssize_t)))
| 	    return 0;
|   ;
|   return 0;
| }
configure:14075: result: yes
configure:14085: checking for uint16_t
configure:14085: gcc -c -g -O2  conftest.c >&5
configure:14085: $? = 0
configure:14085: result: yes
configure:14095: checking for uint32_t
configure:14095: gcc -c -g -O2  conftest.c >&5
configure:14095: $? = 0
configure:14095: result: yes
configure:14107: checking for uint64_t
configure:14107: gcc -c -g -O2  conftest.c >&5
configure:14107: $? = 0
configure:14107: result: yes
configure:14119: checking for uint8_t
configure:14119: gcc -c -g -O2  conftest.c >&5
configure:14119: $? = 0
configure:14119: result: yes
configure:14138: checking for fork
configure:14138: gcc -o conftest -g -O2   conftest.c -lz -lssl -lpthread -lcrypto -lbrotlienc -lbrotlidec  >&5
conftest.c:57:6: warning: conflicting types for built-in function 'fork'; expected 'int(void)' [-Wbuiltin-declaration-mismatch]
   57 | char fork ();
      |      ^~~~
configure:14138: $? = 0
configure:14138: result: yes
configure:14138: checking for vfork
configure:14138: gcc -o conftest -g -O2   conftest.c -lz -lssl -lpthread -lcrypto -lbrotlienc -lbrotlidec  >&5
configure:14138: $? = 0
configure:14138: result: yes
configure:14138: checking for alarm
configure:14138: gcc -o conftest -g -O2   conftest.c -lz -lssl -lpthread -lcrypto -lbrotlienc -lbrotlidec  >&5
configure:14138: $? = 0
configure:14138: result: yes
configure:14151: checking for working fork
configure:14175: gcc -o conftest -g -O2   conftest.c -lz -lssl -lpthread -lcrypto -lbrotlienc -lbrotlidec  >&5
configure:14175: $? = 0
configure:14175: ./conftest
configure:14175: $? = 0
configure:14186: result: yes
configure:14207: checking for working vfork
configure:14336: result: yes
configure:14361: checking for GNU libc compatible malloc
configure:14393: gcc -o conftest -g -O2   conftest.c -lz -lssl -lpthread -lcrypto -lbrotlienc -lbrotlidec  >&5
configure:14393: $? = 0
configure:14393: ./conftest
configure:14393: $? = 0
configure:14404: result: yes
configure:14430: checking for working mktime
configure:14628: gcc -o conftest -g -O2   conftest.c -lz -lssl -lpthread -lcrypto -lbrotlienc -lbrotlidec  >&5
configure:14628: $? = 0
configure:14628: ./conftest
configure:14628: $? = 0
configure:14639: result: yes
configure:14650: checking for atexit
configure:14650: gcc -o conftest -g -O2   conftest.c -lz -lssl -lpthread -lcrypto -lbrotlienc -lbrotlidec  >&5
configure:14650: $? = 0
configure:14650: result: yes
configure:14656: checking for dup2
configure:14656: gcc -o conftest -g -O2   conftest.c -lz -lssl -lpthread -lcrypto -lbrotlienc -lbrotlidec  >&5
configure:14656: $? = 0
configure:14656: result: yes
configure:14662: checking for gettimeofday
configure:14662: gcc -o conftest -g -O2   conftest.c -lz -lssl -lpthread -lcrypto -lbrotlienc -lbrotlidec  >&5
configure:14662: $? = 0
configure:14662: result: yes
configure:14668: checking for localtime_r
configure:14668: gcc -o conftest -g -O2   conftest.c -lz -lssl -lpthread -lcrypto -lbrotlienc -lbrotlidec  >&5
configure:14668: $? = 0
configure:14668: result: yes
configure:14674: checking for memset
configure:14674: gcc -o conftest -g -O2   conftest.c -lz -lssl -lpthread -lcrypto -lbrotlienc -lbrotlidec  >&5
conftest.c:67:6: warning: conflicting types for built-in function 'memset'; expected 'void *(void *, int,  long unsigned int)' [-Wbuiltin-declaration-mismatch]
   67 | char memset ();
      |      ^~~~~~
conftest.c:59:1: note: 'memset' is declared in header '<string.h>'
   58 | #include <limits.h>
   59 | #undef memset
configure:14674: $? = 0
configure:14674: result: yes
configure:14680: checking for realpath
configure:14680: gcc -o conftest -g -O2   conftest.c -lz -lssl -lpthread -lcrypto -lbrotlienc -lbrotlidec  >&5
configure:14680: $? = 0
configure:14680: result: yes
configure:14686: checking for setenv
configure:14686: gcc -o conftest -g -O2   conftest.c -lz -lssl -lpthread -lcrypto -lbrotlienc -lbrotlidec  >&5
configure:14686: $? = 0
configure:14686: result: yes
configure:14692: checking for socket
configure:14692: gcc -o conftest -g -O2   conftest.c -lz -lssl -lpthread -lcrypto -lbrotlienc -lbrotlidec  >&5
configure:14692: $? = 0
configure:14692: result: yes
configure:14698: checking for strchr
configure:14698: gcc -o conftest -g -O2   conftest.c -lz -lssl -lpthread -lcrypto -lbrotlienc -lbrotlidec  >&5
conftest.c:71:6: warning: conflicting types for built-in function 'strchr'; expected 'char *(const char *, int)' [-Wbuiltin-declaration-mismatch]
   71 | char strchr ();
      |      ^~~~~~
conftest.c:63:1: note: 'strchr' is declared in header '<string.h>'
   62 | #include <limits.h>
   63 | #undef strchr
configure:14698: $? = 0
configure:14698: result: yes
configure:14704: checking for strerror
configure:14704: gcc -o conftest -g -O2   conftest.c -lz -lssl -lpthread -lcrypto -lbrotlienc -lbrotlidec  >&5
configure:14704: $? = 0
configure:14704: result: yes
configure:14713: checking whether C compiler accepts -O0
configure:14733: gcc -c -g -O2  -O0  conftest.c >&5
configure:14733: $? = 0
configure:14742: result: yes
configure:14751: checking whether C compiler accepts -W
configure:14771: gcc -c -g -O2 -O0  -W  conftest.c >&5
configure:14771: $? = 0
configure:14780: result: yes
configure:14789: checking whether C compiler accepts -Wall
configure:14809: gcc -c -g -O2 -O0 -W  -Wall  conftest.c >&5
configure:14809: $? = 0
configure:14818: result: yes
configure:14827: checking whether C compiler accepts -Werror
configure:14847: gcc -c -g -O2 -O0 -W -Wall  -Werror  conftest.c >&5
configure:14847: $? = 0
configure:14856: result: yes
configure:14865: checking whether C compiler accepts -Wcast-align
configure:14885: gcc -c -g -O2 -O0 -W -Wall -Werror  -Wcast-align  conftest.c >&5
configure:14885: $? = 0
configure:14894: result: yes
configure:15008: checking that generated files are newer than configure
configure:15014: result: done
configure:15037: creating ./config.status

## ---------------- ##
## Cache variables. ##
## ---------------- ##

ac_cv_build=x86_64-pc-linux-gnu
ac_cv_c_compiler_gnu=yes
ac_cv_c_inline=inline
ac_cv_c_int32_t=yes
ac_cv_c_uint16_t=yes
ac_cv_c_uint32_t=yes
ac_cv_c_uint64_t=yes
ac_cv_c_uint8_t=yes
ac_cv_env_CC_set=
ac_cv_env_CC_value=
ac_cv_env_CFLAGS_set=
ac_cv_env_CFLAGS_value=
ac_cv_env_CPPFLAGS_set=
ac_cv_env_CPPFLAGS_value=
ac_cv_env_LDFLAGS_set=
ac_cv_env_LDFLAGS_value=
ac_cv_env_LIBS_set=
ac_cv_env_LIBS_value=
ac_cv_env_LT_SYS_LIBRARY_PATH_set=
ac_cv_env_LT_SYS_LIBRARY_PATH_value=
ac_cv_env_build_alias_set=
ac_cv_env_build_alias_value=
ac_cv_env_host_alias_set=
ac_cv_env_host_alias_value=
ac_cv_env_target_alias_set=
ac_cv_env_target_alias_value=
ac_cv_func_alarm=yes
ac_cv_func_atexit=yes
ac_cv_func_dup2=yes
ac_cv_func_fork=yes
ac_cv_func_fork_works=yes
ac_cv_func_gettimeofday=yes
ac_cv_func_localtime_r=yes
ac_cv_func_malloc_0_nonnull=yes
ac_cv_func_memset=yes
ac_cv_func_realpath=yes
ac_cv_func_setenv=yes
ac_cv_func_socket=yes
ac_cv_func_strchr=yes
ac_cv_func_strerror=yes
ac_cv_func_vfork=yes
ac_cv_func_vfork_works=yes
ac_cv_func_working_mktime=yes
ac_cv_header_arpa_inet_h=yes
ac_cv_header_dlfcn_h=yes
ac_cv_header_fcntl_h=yes
ac_cv_header_inttypes_h=yes
ac_cv_header_netdb_h=yes
ac_cv_header_netinet_in_h=yes
ac_cv_header_stdbool_h=yes
ac_cv_header_stdint_h=yes
ac_cv_header_stdio_h=yes
ac_cv_header_stdlib_h=yes
ac_cv_header_string_h=yes
ac_cv_header_strings_h=yes
ac_cv_header_sys_ioctl_h=yes
ac_cv_header_sys_socket_h=yes
ac_cv_header_sys_stat_h=yes
ac_cv_header_sys_time_h=yes
ac_cv_header_sys_types_h=yes
ac_cv_header_unistd_h=yes
ac_cv_header_vfork_h=no
ac_cv_host=x86_64-pc-linux-gnu
ac_cv_lib_brotlidec_main=yes
ac_cv_lib_brotlienc_main=yes
ac_cv_lib_crypto_main=yes
ac_cv_lib_fly_main=no
ac_cv_lib_pthread_main=yes
ac_cv_lib_ssl_main=yes
ac_cv_lib_z_main=yes
ac_cv_objext=o
ac_cv_path_EGREP='/usr/bin/grep -E'
ac_cv_path_FGREP='/usr/bin/grep -F'
ac_cv_path_GREP=/usr/bin/grep
ac_cv_path_SED=/usr/bin/sed
ac_cv_path_install='/usr/bin/install -c'
ac_cv_path_lt_DD=/usr/bin/dd
ac_cv_path_mkdir=/usr/bin/mkdir
ac_cv_prog_AWK=gawk
ac_cv_prog_ac_ct_AR=ar
ac_cv_prog_ac_ct_CC=gcc
ac_cv_prog_ac_ct_OBJDUMP=objdump
ac_cv_prog_ac_ct_RANLIB=ranlib
ac_cv_prog_ac_ct_STRIP=strip
ac_cv_prog_cc_c11=
ac_cv_prog_cc_g=yes
ac_cv_prog_cc_stdc=
ac_cv_prog_make_make_set=yes
ac_cv_type__Bool=yes
ac_cv_type_off_t=yes
ac_cv_type_pid_t=yes
ac_cv_type_size_t=yes
ac_cv_type_ssize_t=yes
am_cv_CC_dependencies_compiler_type=gcc3
am_cv_make_support_nested_variables=yes
am_cv_prog_cc_c_o=yes
ax_cv_check_cflags___O0=yes
ax_cv_check_cflags___W=yes
ax_cv_check_cflags___Wall=yes
ax_cv_check_cflags___Wcast_align=yes
ax_cv_check_cflags___Werror=yes
lt_cv_ar_at_file=@
lt_cv_archive_cmds_need_lc=no
lt_cv_deplibs_check_method=pass_all
lt_cv_file_magic_cmd='$MAGIC_CMD'
lt_cv_file_magic_test_file=
lt_cv_ld_reload_flag=-r
lt_cv_nm_interface='BSD nm'
lt_cv_objdir=.libs
lt_cv_path_LD=/usr/bin/ld
lt_cv_path_NM='/usr/bin/nm -B'
lt_cv_path_mainfest_tool=no
lt_cv_prog_compiler_c_o=yes
lt_cv_prog_compiler_pic='-fPIC -DPIC'
lt_cv_prog_compiler_pic_works=yes
lt_cv_prog_compiler_rtti_exceptions=no
lt_cv_prog_compiler_static_works=yes
lt_cv_prog_gnu_ld=yes
lt_cv_sharedlib_from_linklib_cmd='printf %s\n'
lt_cv_shlibpath_overrides_runpath=no
lt_cv_sys_global_symbol_pipe='sed -n -e '\''s/^.*[	 ]\([ABCDGIRSTW][ABCDGIRSTW]*\)[	 ][	 ]*\([_A-Za-z][_A-Za-z0-9]*\)$/\1 \2 \2/p'\'' | sed '\''/ __gnu_lto/d'\'''
lt_cv_sys_global_symbol_to_c_name_address='sed -n -e '\''s/^: \(.*\) .*$/  {"\1", (void *) 0},/p'\'' -e '\''s/^[ABCDGIRSTW][ABCDGIRSTW]* .* \(.*\)$/  {"\1", (void *) \&\1},/p'\'''
lt_cv_sys_global_symbol_to_c_name_address_lib_prefix='sed -n -e '\''s/^: \(.*\) .*$/  {"\1", (void *) 0},/p'\'' -e '\''s/^[ABCDGIRSTW][ABCDGIRSTW]* .* \(lib.*\)$/  {"\1", (void *) \&\1},/p'\'' -e '\''s/^[ABCDGIRSTW][ABCDGIRSTW]* .* \(.*\)$/  {"lib\1", (void *) \&\1},/p'\'''
lt_cv_sys_global_symbol_to_cdecl='sed -n -e '\''s/^T .* \(.*\)$/extern int \1();/p'\'' -e '\''s/^[ABCDGIRSTW][ABCDGIRSTW]* .* \(.*\)$/extern char \1;/p'\'''
lt_cv_sys_global_symbol_to_import=
lt_cv_sys_max_cmd_len=1572864
lt_cv_to_host_file_cmd=func_convert_file_noop
lt_cv_to_tool_file_cmd=func_convert_file_noop
lt_cv_truncate_bin='/usr/bin/dd bs=4096 count=1'

## ----------------- ##
## Output variables. ##
## ----------------- ##

ACLOCAL='${SHELL} '\''/home/tatsuya/fly/missing'\'' aclocal-1.16'
AMDEPBACKSLASH='\'
AMDEP_FALSE='#'
AMDEP_TRUE=''
AMTAR='$${TAR-tar}'
AM_BACKSLASH='\'
AM_DEFAULT_V='$(AM_DEFAULT_VERBOSITY)'
AM_DEFAULT_VERBOSITY='1'
AM_V='$(V)'
AR='ar'
AUTOCONF='${SHELL} '\''/home/tatsuya/fly/missing'\'' autoconf'
AUTOHEADER='${SHELL} '\''/home/tatsuya/fly/missing'\'' autoheader'
AUTOMAKE='${SHELL} '\''/home/tatsuya/fly/missing'\'' automake-1.16'
AWK='gawk'
CC='gcc'
CCDEPMODE='depmode=gcc3'
CFLAGS='-g -O2 -O0 -W -Wall -Werror -Wcast-align'
CPPFLAGS=''
CSCOPE='cscope'
CTAGS='ctags'
CYGPATH_W='echo'
DEFS='-DHAVE_CONFIG_H'
DEPDIR='.deps'
DLLTOOL='false'
DSYMUTIL=''
DUMPBIN=''
ECHO_C=''
ECHO_N='-n'
ECHO_T=''
EGREP='/usr/bin/grep -E'
ETAGS='etags'
EXEEXT=''
FGREP='/usr/bin/grep -F'
GREP='/usr/bin/grep'
INSTALL_DATA='${INSTALL} -m 644'
INSTALL_PROGRAM='${INSTALL}'
INSTALL_SCRIPT='${INSTALL}'
INSTALL_STRIP_PROGRAM='$(install_sh) -c -s'
LD='/usr/bin/ld -m elf_x86_64'
LDFLAGS=''
LIBOBJS=''
LIBS='-lz -lssl -lpthread -lcrypto -lbrotlienc -lbrotlidec '
LIBTOOL='$(SHELL) $(top_builddir)/libtool'
LIPO=''
LN_S='ln -s'
LTLIBOBJS=''
LT_SYS_LIBRARY_PATH=''
MAKEINFO='${SHELL} '\''/home/tatsuya/fly/missing'\'' makeinfo'
MANIFEST_TOOL=':'
MKDIR_P='/usr/bin/mkdir -p'
NM='/usr/bin/nm -B'
NMEDIT=''
OBJDUMP='objdump'
OBJEXT='o'
OTOOL64=''
OTOOL=''
PACKAGE='fly'
PACKAGE_BUGREPORT=''
PACKAGE_NAME='fly'
PACKAGE_STRING='fly 0.0.1'
PACKAGE_TARNAME='fly'
PACKAGE_URL=''
PACKAGE_VERSION='0.0.1'
PATH_SEPARATOR=':'
RANLIB='ranlib'
SED='/usr/bin/sed'
SET_MAKE=''
SHELL='/bin/sh'
STRIP='strip'
VERSION='0.0.1'
ac_ct_AR='ar'
ac_ct_CC='gcc'
ac_ct_DUMPBIN=''
am__EXEEXT_FALSE=''
am__EXEEXT_TRUE='#'
am__fastdepCC_FALSE='#'
am__fastdepCC_TRUE=''
am__include='include'
am__isrc=''
am__leading_dot='.'
am__nodep='_no'
am__quote=''
am__tar='$${TAR-tar} chof - "$$tardir"'
am__untar='$${TAR-tar} xf -'
bindir='${exec_prefix}/bin'
build='x86_64-pc-linux-gnu'
build_alias=''
build_cpu='x86_64'
build_os='linux-gnu'
build_vendor='pc'
datadir='${datarootdir}'
datarootdir='${prefix}/share'
docdir='${datarootdir}/doc/${PACKAGE_TARNAME}'
dvidir='${docdir}'
exec_prefix='${prefix}'
host='x86_64-pc-linux-gnu'
host_alias=''
host_cpu='x86_64'
host_os='linux-gnu'
host_vendor='pc'
htmldir='${docdir}'
includedir='${prefix}/include'
infodir='${datarootdir}/info'
install_sh='${SHELL} /home/tatsuya/fly/install-sh'
libdir='${exec_prefix}/lib'
libexecdir='${exec_prefix}/libexec'
localedir='${datarootdir}/locale'
localstatedir='${prefix}/var'
mandir='${datarootdir}/man'
mkdir_p='$(MKDIR_P)'
oldincludedir='/usr/include'
pdfdir='${docdir}'
prefix='/home/tatsuya/fly'
program_transform_name='s,x,x,'
psdir='${docdir}'
runstatedir='${localstatedir}/run'
sbindir='${exec_prefix}/sbin'
sharedstatedir='${prefix}/com'
sysconfdir='${prefix}/etc'
target_alias=''

## ----------- ##
## confdefs.h. ##
## ----------- ##

/* confdefs.h */
#define PACKAGE_NAME "fly"
#define PACKAGE_TARNAME "fly"
#define PACKAGE_VERSION "0.0.1"
#define PACKAGE_STRING "fly 0.0.1"
#define PACKAGE_BUGREPORT ""
#define PACKAGE_URL ""
#define HAVE_STDIO_H 1
#define HAVE_STDLIB_H 1
#define HAVE_STRING_H 1
#define HAVE_INTTYPES_H 1
#define HAVE_STDINT_H 1
#define HAVE_STRINGS_H 1
#define HAVE_SYS_STAT_H 1
#define HAVE_SYS_TYPES_H 1
#define HAVE_UNISTD_H 1
#define HAVE_SYS_TIME_H 1
#define STDC_HEADERS 1
#define HAVE_DLFCN_H 1
#define LT_OBJDIR ".libs/"
#define PACKAGE "fly"
#define VERSION "0.0.1"
#define HAVE_LIBBROTLIDEC 1
#define HAVE_LIBBROTLIENC 1
#define HAVE_LIBCRYPTO 1
#define HAVE_LIBPTHREAD 1
#define HAVE_LIBSSL 1
#define HAVE_LIBZ 1
#define HAVE_ARPA_INET_H 1
#define HAVE_FCNTL_H 1
#define HAVE_INTTYPES_H 1
#define HAVE_NETDB_H 1
#define HAVE_NETINET_IN_H 1
#define HAVE_STDINT_H 1
#define HAVE_SYS_IOCTL_H 1
#define HAVE_SYS_SOCKET_H 1
#define HAVE_SYS_TIME_H 1
#define HAVE_UNISTD_H 1
#define HAVE__BOOL 1
#define HAVE_FORK 1
#define HAVE_VFORK 1
#define HAVE_ALARM 1
#define HAVE_WORKING_VFORK 1
#define HAVE_WORKING_FORK 1
#define HAVE_MALLOC 1
#define HAVE_ATEXIT 1
#define HAVE_DUP2 1
#define HAVE_GETTIMEOFDAY 1
#define HAVE_LOCALTIME_R 1
#define HAVE_MEMSET 1
#define HAVE_REALPATH 1
#define HAVE_SETENV 1
#define HAVE_SOCKET 1
#define HAVE_STRCHR 1
#define HAVE_STRERROR 1

configure: exit 0

## ---------------------- ##
## Running config.status. ##
## ---------------------- ##

This file was extended by fly config.status 0.0.1, which was
generated by GNU Autoconf 2.71.  Invocation command line was

  CONFIG_FILES    = 
  CONFIG_HEADERS  = 
  CONFIG_LINKS    = 
  CONFIG_COMMANDS = 
  $ ./config.status 

on archlinux

config.status:1115: creating Makefile
config.status:1115: creating src/Makefile
config.status:1115: creating config.h
config.status:1296: config.h is unchanged
config.status:1344: executing libtool commands
config.status:1344: executing depfiles commands
config.status:1967: cd src       && sed -e '/# am--include-marker/d' Makefile         | make -f - am--depfiles
make[1]: Entering directory '/home/tatsuya/fly/src'
make[1]: Nothing to be done for 'am--depfiles'.
make[1]: Leaving directory '/home/tatsuya/fly/src'
config.status:1972: $? = 0

## ---------------------- ##
## Running config.status. ##
## ---------------------- ##

This file was extended by fly config.status 0.0.1, which was
generated by GNU Autoconf 2.71.  Invocation command line was

  CONFIG_FILES    = 
  CONFIG_HEADERS  = 
  CONFIG_LINKS    = 
  CONFIG_COMMANDS = 
  $ ./config.status config.h

on archlinux

config.status:1115: creating config.h
config.status:1296: config.h is unchanged
