==129396== Memcheck, a memory error detector
==129396== Copyright (C) 2002-2017, and GNU GPL'd, by Julian Seward et al.
==129396== Using Valgrind-3.17.0 and LibVEX; rerun with -h for copyright info
==129396== Command: test/__fly_test_master_worker.c
==129396== Parent PID: 5926
==129396== 
==129396== 
==129396== HEAP SUMMARY:
==129396==     in use at exit: 8,837 bytes in 23 blocks
==129396==   total heap usage: 1,407 allocs, 1,384 frees, 509,543 bytes allocated
==129396== 
==129396== LEAK SUMMARY:
==129396==    definitely lost: 0 bytes in 0 blocks
==129396==    indirectly lost: 0 bytes in 0 blocks
==129396==      possibly lost: 0 bytes in 0 blocks
==129396==    still reachable: 8,837 bytes in 23 blocks
==129396==         suppressed: 0 bytes in 0 blocks
==129396== Reachable blocks (those to which a pointer was found) are not shown.
==129396== To see them, rerun with: --leak-check=full --show-leak-kinds=all
==129396== 
==129396== For lists of detected and suppressed errors, rerun with: -s
==129396== ERROR SUMMARY: 0 errors from 0 contexts (suppressed: 0 from 0)
==129404== 
==129404== HEAP SUMMARY:
==129404==     in use at exit: 65,483 bytes in 174 blocks
==129404==   total heap usage: 15,999 allocs, 15,825 frees, 9,082,495 bytes allocated
==129404== 
==129404== 56,710 (6,280 direct, 50,430 indirect) bytes in 1 blocks are definitely lost in loss record 125 of 125
==129404==    at 0x483E7C5: malloc (vg_replace_malloc.c:380)
==129404==    by 0x4A9E14A: CRYPTO_zalloc (in /usr/lib/libcrypto.so.1.1)
==129404==    by 0x4C44F06: SSL_new (in /usr/lib/libssl.so.1.1)
==129404==    by 0x4D83EFD: fly_listen_socket_ssl_handler (ssl.c:69)
==129404==    by 0x4D7D886: fly_event_handle (event.c:577)
==129404==    by 0x4D7D349: __fly_event_handle (event.c:435)
==129404==    by 0x4D7D4A4: fly_event_handler (event.c:482)
==129404==    by 0x4D79157: fly_worker_process (worker.c:482)
==129404==    by 0x4D7B3A5: __fly_master_fork (master.c:604)
==129404==    by 0x4D7B16C: __fly_master_worker_spawn (master.c:523)
==129404==    by 0x4D7B21C: fly_master_worker_spawn (master.c:538)
==129404==    by 0x1093AC: main (test_master_worker.c:27)
==129404== 
==129404== LEAK SUMMARY:
==129404==    definitely lost: 6,280 bytes in 1 blocks
==129404==    indirectly lost: 50,430 bytes in 151 blocks
==129404==      possibly lost: 0 bytes in 0 blocks
==129404==    still reachable: 8,773 bytes in 22 blocks
==129404==         suppressed: 0 bytes in 0 blocks
==129404== Reachable blocks (those to which a pointer was found) are not shown.
==129404== To see them, rerun with: --leak-check=full --show-leak-kinds=all
==129404== 
==129404== For lists of detected and suppressed errors, rerun with: -s
==129404== ERROR SUMMARY: 1 errors from 1 contexts (suppressed: 0 from 0)
